2025-02-20 09:05:46,734 - INFO - Payment registered: Receipt 20250220-0007, Student: Jose Valderrama, Amount: 52600.0
2025-02-20 09:23:55,800 - INFO - Payment registered: Receipt 20250220-0008, Student: Rosalba Valderrama, Amount: 74300.0
2025-02-20 09:28:21,761 - INFO - Payment registered: Receipt 20250220-0009, Student: Rosalba Valderrama, Amount: 125000.0
2025-02-20 10:08:20,086 - INFO - Payment registered: Receipt 20250220-0010, Student: Darwin Bolivar, Amount: 27000.0
2025-02-21 19:51:26,973 - INFO - Payment registered: Receipt 20250221-0011, Student: Nicol Rojas, Amount: 78000.0
2025-02-21 20:00:25,045 - INFO - Payment registered: Receipt 20250221-0012, Student: Nicol Rojas, Amount: 37500.0
2025-02-21 20:02:13,899 - WARNING - No se encontró la imagen en: D:\laragon\www\colegio_app\logo.png
2025-02-21 20:18:34,013 - INFO - Payment registered: Receipt 20250221-0001, Student: Jorge Alberto Correa, Amount: 75000.0
2025-02-21 20:19:01,305 - INFO - Payment registered: Receipt 20250221-0002, Student: Jorge Alberto Correa, Amount: 27000.0
2025-02-21 20:19:18,744 - INFO - Payment registered: Receipt 20250221-0003, Student: Nicol Rojas, Amount: 87500.0
2025-02-21 20:36:07,717 - INFO - Payment registered: Receipt 20250221-0004, Student: Elkin Valderrama, Amount: 65200.0
2025-02-21 20:36:41,740 - INFO - Contraseña cambiada exitosamente para usuario: jose
2025-02-21 20:37:27,723 - WARNING - Intento fallido de cambio de contraseña para usuario: admin
2025-02-21 21:32:17,772 - WARNING - No se encontró la imagen en: D:\laragon\www\colegio_app\logo.png
2025-02-21 21:33:54,309 - ERROR - Error loading logo in PDF: [Errno 2] No such file or directory: 'logo.png'
2025-02-21 21:33:56,941 - INFO - Payment registered: Receipt 20250221-0001, Student: Darwin Bolivar, Amount: 75400.0
2025-02-21 21:38:45,192 - WARNING - No se encontró la imagen en: D:\laragon\www\colegio_app\logo.png
2025-02-21 21:41:56,836 - WARNING - No se encontró la imagen en: D:\laragon\www\colegio_app\logo.png
2025-02-21 21:44:31,835 - ERROR - Error loading logo in PDF: [Errno 2] No such file or directory: 'logo.png'
2025-02-21 21:44:34,371 - INFO - Payment registered: Receipt 20250221-0002, Student: Nicol Rojas, Amount: 75000.0
2025-02-21 21:45:21,405 - ERROR - Error loading logo in PDF: [Errno 2] No such file or directory: 'logo.png'
2025-02-21 21:45:24,447 - INFO - Payment registered: Receipt 20250221-0003, Student: Darwin Bolivar, Amount: 73200.0
2025-02-22 07:47:10,134 - WARNING - No se encontró la imagen en: D:\laragon\www\colegio_app\logo.png
